<?xml version="1.0" encoding="UTF-8"?>
<testsuite name="com.midtrans.sdk.core.api.merchant.MerchantApiManagerTest" tests="3" skipped="0" failures="0" errors="0" timestamp="2017-06-02T07:58:32" hostname="Rakas-MacBook-Pro.local" time="0.445">
  <properties/>
  <testcase name="checkoutOnError" classname="com.midtrans.sdk.core.api.merchant.MerchantApiManagerTest" time="0.434"/>
  <testcase name="checkoutOnSuccess" classname="com.midtrans.sdk.core.api.merchant.MerchantApiManagerTest" time="0.006"/>
  <testcase name="checkoutOnFailure" classname="com.midtrans.sdk.core.api.merchant.MerchantApiManagerTest" time="0.005"/>
  <system-out><![CDATA[]]></system-out>
  <system-err><![CDATA[]]></system-err>
</testsuite>
