<?xml version="1.0" encoding="UTF-8"?>
<testsuite name="com.midtrans.sdk.core.api.papi.MidtransApiManagerTest" tests="5" skipped="0" failures="0" errors="0" timestamp="2017-06-02T07:58:32" hostname="Rakas-MacBook-Pro.local" time="0.114">
  <properties/>
  <testcase name="getCardTokenOnFailureResponse" classname="com.midtrans.sdk.core.api.papi.MidtransApiManagerTest" time="0.069"/>
  <testcase name="getCardTokenNormalCardOnSuccess" classname="com.midtrans.sdk.core.api.papi.MidtransApiManagerTest" time="0.014"/>
  <testcase name="getCardTokenTwoClicksCardOnSuccess" classname="com.midtrans.sdk.core.api.papi.MidtransApiManagerTest" time="0.009"/>
  <testcase name="getCardTokenSecureCardOnSuccess" classname="com.midtrans.sdk.core.api.papi.MidtransApiManagerTest" time="0.009"/>
  <testcase name="getCardTokenOnErrorResponse" classname="com.midtrans.sdk.core.api.papi.MidtransApiManagerTest" time="0.01"/>
  <system-out><![CDATA[]]></system-out>
  <system-err><![CDATA[]]></system-err>
</testsuite>
