<?xml version="1.0" encoding="UTF-8"?>
<testsuite name="com.midtrans.sdk.core.MidtransCoreTest" tests="30" skipped="0" failures="0" errors="0" timestamp="2017-06-02T07:58:38" hostname="Rakas-MacBook-Pro.local" time="0.597">
  <properties/>
  <testcase name="getInstanceOnEmptyClientKey" classname="com.midtrans.sdk.core.MidtransCoreTest" time="0.107"/>
  <testcase name="paymentUsingIndomaret" classname="com.midtrans.sdk.core.MidtransCoreTest" time="0.14"/>
  <testcase name="getClientKey" classname="com.midtrans.sdk.core.MidtransCoreTest" time="0.005"/>
  <testcase name="paymentUsingMandiriBankTransfer" classname="com.midtrans.sdk.core.MidtransCoreTest" time="0.008"/>
  <testcase name="paymentUsingKlikBca" classname="com.midtrans.sdk.core.MidtransCoreTest" time="0.009"/>
  <testcase name="getInstance" classname="com.midtrans.sdk.core.MidtransCoreTest" time="0.005"/>
  <testcase name="paymentUsingMandiriECash" classname="com.midtrans.sdk.core.MidtransCoreTest" time="0.009"/>
  <testcase name="paymentUsingOtherBankTransfer" classname="com.midtrans.sdk.core.MidtransCoreTest" time="0.008"/>
  <testcase name="getInstanceOnNullEnvironment" classname="com.midtrans.sdk.core.MidtransCoreTest" time="0.001"/>
  <testcase name="paymentUsingMandiriClickpay" classname="com.midtrans.sdk.core.MidtransCoreTest" time="0.007"/>
  <testcase name="paymentUsingPermataBankTransfer" classname="com.midtrans.sdk.core.MidtransCoreTest" time="0.007"/>
  <testcase name="paymentUsingIndosatDompetku" classname="com.midtrans.sdk.core.MidtransCoreTest" time="0.007"/>
  <testcase name="paymentUsingCreditCard" classname="com.midtrans.sdk.core.MidtransCoreTest" time="0.006"/>
  <testcase name="getEnvironment" classname="com.midtrans.sdk.core.MidtransCoreTest" time="0.005"/>
  <testcase name="paymentUsingOtherBankTransferWithCustomerDetails" classname="com.midtrans.sdk.core.MidtransCoreTest" time="0.009"/>
  <testcase name="getCardToken" classname="com.midtrans.sdk.core.MidtransCoreTest" time="0.015"/>
  <testcase name="paymentUsingKioson" classname="com.midtrans.sdk.core.MidtransCoreTest" time="0.013"/>
  <testcase name="paymentUsingPermataBankTransferWithCustomerDetails" classname="com.midtrans.sdk.core.MidtransCoreTest" time="0.009"/>
  <testcase name="paymentUsingGiftCard" classname="com.midtrans.sdk.core.MidtransCoreTest" time="0.01"/>
  <testcase name="getBankBins" classname="com.midtrans.sdk.core.MidtransCoreTest" time="0.026"/>
  <testcase name="paymentUsingTelkomselCash" classname="com.midtrans.sdk.core.MidtransCoreTest" time="0.007"/>
  <testcase name="getInstanceOnNullClientKey" classname="com.midtrans.sdk.core.MidtransCoreTest" time="0.001"/>
  <testcase name="paymentUsingCimbClicks" classname="com.midtrans.sdk.core.MidtransCoreTest" time="0.012"/>
  <testcase name="paymentUsingBcaBankTransfer" classname="com.midtrans.sdk.core.MidtransCoreTest" time="0.009"/>
  <testcase name="paymentUsingXlTunai" classname="com.midtrans.sdk.core.MidtransCoreTest" time="0.009"/>
  <testcase name="paymentUsingMandiriBankTransferWithCustomerDetails" classname="com.midtrans.sdk.core.MidtransCoreTest" time="0.013"/>
  <testcase name="paymentUsingBcaKlikpay" classname="com.midtrans.sdk.core.MidtransCoreTest" time="0.027"/>
  <testcase name="paymentUsingEpayBri" classname="com.midtrans.sdk.core.MidtransCoreTest" time="0.007"/>
  <testcase name="setEnvironment" classname="com.midtrans.sdk.core.MidtransCoreTest" time="0.006"/>
  <testcase name="paymentUsingBcaBankTransferWithCustomerDetails" classname="com.midtrans.sdk.core.MidtransCoreTest" time="0.008"/>
  <system-out><![CDATA[]]></system-out>
  <system-err><![CDATA[]]></system-err>
</testsuite>
