<?xml version="1.0" encoding="UTF-8"?>
<testsuite name="com.midtrans.sdk.core.utils.UtilitiesTest" tests="4" skipped="0" failures="0" errors="0" timestamp="2017-06-02T07:58:38" hostname="Rakas-MacBook-Pro.local" time="0.05">
  <properties/>
  <testcase name="buildGson" classname="com.midtrans.sdk.core.utils.UtilitiesTest" time="0.0"/>
  <testcase name="createCustomMapObject" classname="com.midtrans.sdk.core.utils.UtilitiesTest" time="0.017"/>
  <testcase name="getFormattedTime" classname="com.midtrans.sdk.core.utils.UtilitiesTest" time="0.001"/>
  <testcase name="generateRandomNumber" classname="com.midtrans.sdk.core.utils.UtilitiesTest" time="0.031"/>
  <system-out><![CDATA[]]></system-out>
  <system-err><![CDATA[]]></system-err>
</testsuite>
