<?xml version="1.0" encoding="UTF-8"?>
<testsuite name="com.midtrans.sdk.core.utils.PaymentUtilitiesTest" tests="24" skipped="0" failures="0" errors="0" timestamp="2017-06-02T07:58:38" hostname="Rakas-MacBook-Pro.local" time="0.016">
  <properties/>
  <testcase name="buildMandiriBankTransferPaymentRequest" classname="com.midtrans.sdk.core.utils.PaymentUtilitiesTest" time="0.0"/>
  <testcase name="buildGiftCardPaymentRequest" classname="com.midtrans.sdk.core.utils.PaymentUtilitiesTest" time="0.001"/>
  <testcase name="getPaymentBaseUrl" classname="com.midtrans.sdk.core.utils.PaymentUtilitiesTest" time="0.0"/>
  <testcase name="buildPermataBankTransferPaymentRequestWithCustomerDetails" classname="com.midtrans.sdk.core.utils.PaymentUtilitiesTest" time="0.0"/>
  <testcase name="getSnapBaseUrl" classname="com.midtrans.sdk.core.utils.PaymentUtilitiesTest" time="0.001"/>
  <testcase name="buildKiosonPaymentRequest" classname="com.midtrans.sdk.core.utils.PaymentUtilitiesTest" time="0.0"/>
  <testcase name="buildEpayBriPaymentRequest" classname="com.midtrans.sdk.core.utils.PaymentUtilitiesTest" time="0.0"/>
  <testcase name="buildIndosatDompetkuPaymentRequest" classname="com.midtrans.sdk.core.utils.PaymentUtilitiesTest" time="0.001"/>
  <testcase name="buildBcaBankTransferPaymentRequestWithCustomerDetails" classname="com.midtrans.sdk.core.utils.PaymentUtilitiesTest" time="0.0"/>
  <testcase name="buildOtherBankTransferPaymentRequest" classname="com.midtrans.sdk.core.utils.PaymentUtilitiesTest" time="0.001"/>
  <testcase name="buildCimbClicksPaymentRequest" classname="com.midtrans.sdk.core.utils.PaymentUtilitiesTest" time="0.0"/>
  <testcase name="buildOtherBankTransferPaymentRequestWithCustomerDetails" classname="com.midtrans.sdk.core.utils.PaymentUtilitiesTest" time="0.0"/>
  <testcase name="buildMandiriBankTransferPaymentRequestWithCustomerDetails" classname="com.midtrans.sdk.core.utils.PaymentUtilitiesTest" time="0.0"/>
  <testcase name="buildTelkomselCashPaymentRequest" classname="com.midtrans.sdk.core.utils.PaymentUtilitiesTest" time="0.0"/>
  <testcase name="buildMandiriClickpayPaymentRequest" classname="com.midtrans.sdk.core.utils.PaymentUtilitiesTest" time="0.0"/>
  <testcase name="buildMandiriECashPaymentRequest" classname="com.midtrans.sdk.core.utils.PaymentUtilitiesTest" time="0.0"/>
  <testcase name="buildKlikBcaPaymentRequest" classname="com.midtrans.sdk.core.utils.PaymentUtilitiesTest" time="0.0"/>
  <testcase name="buildIndomaretPaymentRequest" classname="com.midtrans.sdk.core.utils.PaymentUtilitiesTest" time="0.001"/>
  <testcase name="buildPermataBankTransferPaymentRequest" classname="com.midtrans.sdk.core.utils.PaymentUtilitiesTest" time="0.0"/>
  <testcase name="buildCreditCardPaymentRequest" classname="com.midtrans.sdk.core.utils.PaymentUtilitiesTest" time="0.0"/>
  <testcase name="buildBcaBankTransferPaymentRequest" classname="com.midtrans.sdk.core.utils.PaymentUtilitiesTest" time="0.0"/>
  <testcase name="buildBcaKlikpayPaymentRequest" classname="com.midtrans.sdk.core.utils.PaymentUtilitiesTest" time="0.001"/>
  <testcase name="buildCreditCardPaymentRequestOnInstallmentPaymentParams" classname="com.midtrans.sdk.core.utils.PaymentUtilitiesTest" time="0.001"/>
  <testcase name="buildXlTunaiPaymentRequest" classname="com.midtrans.sdk.core.utils.PaymentUtilitiesTest" time="0.001"/>
  <system-out><![CDATA[]]></system-out>
  <system-err><![CDATA[]]></system-err>
</testsuite>
