<?xml version="1.0" encoding="UTF-8"?>
<testsuite name="com.midtrans.sdk.core.utils.CardUtilitiesTest" tests="3" skipped="0" failures="0" errors="0" timestamp="2017-06-02T07:58:38" hostname="Rakas-MacBook-Pro.local" time="0.006">
  <properties/>
  <testcase name="getFormattedCreditCardNumber" classname="com.midtrans.sdk.core.utils.CardUtilitiesTest" time="0.004"/>
  <testcase name="isValidCardNumber" classname="com.midtrans.sdk.core.utils.CardUtilitiesTest" time="0.0"/>
  <testcase name="getCardType" classname="com.midtrans.sdk.core.utils.CardUtilitiesTest" time="0.001"/>
  <system-out><![CDATA[]]></system-out>
  <system-err><![CDATA[]]></system-err>
</testsuite>
